#
# There is insufficient memory for the Java Runtime Environment to continue.
# Native memory allocation (malloc) failed to allocate 1103248 bytes. Error detail: Chunk::new
# Possible reasons:
#   The system is out of physical RAM or swap space
#   This process is running with CompressedOops enabled, and the Java Heap may be blocking the growth of the native heap
# Possible solutions:
#   Reduce memory load on the system
#   Increase physical memory or swap space
#   Check if swap backing store is full
#   Decrease Java heap size (-Xmx/-Xms)
#   Decrease number of Java threads
#   Decrease Java thread stack sizes (-Xss)
#   Set larger code cache with -XX:ReservedCodeCacheSize=
#   JVM is running with Zero Based Compressed Oops mode in which the Java heap is
#     placed in the first 32GB address space. The Java Heap base address is the
#     maximum limit for the native heap growth. Please use -XX:HeapBaseMinAddress
#     to set the Java Heap base and to place the Java Heap above 32GB virtual address.
# This output file may be truncated or incomplete.
#
#  Out of Memory Error (arena.cpp:162), pid=14592, tid=11004
#
# JRE version: OpenJDK Runtime Environment Zulu24.32+13-CA (24.0.2+12) (build 24.0.2+12)
# Java VM: OpenJDK 64-Bit Server VM Zulu24.32+13-CA (24.0.2+12, mixed mode, sharing, tiered, compressed oops, compressed class ptrs, g1 gc, windows-amd64)
# No core dump will be written. Minidumps are not enabled by default on client versions of Windows
#

---------------  S U M M A R Y ------------

Command Line: --enable-native-access=ALL-UNNAMED -Dclassworlds.conf=C:\Program Files\Apache NetBeans\java\maven\bin\m2.conf -Dmaven.home=C:\Program Files\Apache NetBeans\java\maven -Dlibrary.jansi.path=C:\Program Files\Apache NetBeans\java\maven\lib\jansi-native -Dmaven.multiModuleProjectDirectory=C:\Users\User\Documents\NetBeansProjects\RentCar2 org.codehaus.plexus.classworlds.launcher.Launcher -Dexec.vmArgs= -Dexec.args=${exec.vmArgs} -classpath %classpath ${exec.mainClass} ${exec.appArgs} -Dexec.executable=C:\Program Files\Apache NetBeans\jdk\bin\java.exe -Dexec.mainClass=com.mycompany.rentcar.vistas.Login -Dexec.classpathScope=runtime -DskipTests=true -Dexec.appArgs= -Dmaven.ext.class.path=C:\Program Files\Apache NetBeans\java\maven-nblib\netbeans-eventspy.jar --no-transfer-progress process-classes org.codehaus.mojo:exec-maven-plugin:3.1.0:exec

Host: Intel(R) Core(TM) i5-10310U CPU @ 1.70GHz, 8 cores, 15G,  Windows 11 , 64 bit Build 26100 (10.0.26100.7920)
Time: Wed Apr 15 18:10:45 2026 Hora est嫕dar oeste, Sudam廨ica elapsed time: 2.363765 seconds (0d 0h 0m 2s)

---------------  T H R E A D  ---------------

Current thread (0x000001fcbf251ba0):  JavaThread "C2 CompilerThread0" daemon [_thread_in_native, id=11004, stack(0x0000009e9b100000,0x0000009e9b200000) (1024K)]


Current CompileTask:
C2:2364  821       4       java.lang.StringLatin1::indexOf (121 bytes)

Stack: [0x0000009e9b100000,0x0000009e9b200000]
Native frames: (J=compiled Java code, j=interpreted, Vv=VM code, C=native code)
V  [jvm.dll+0x741329]  (no source info available)
V  [jvm.dll+0x97e243]  (no source info available)
V  [jvm.dll+0x98056d]  (no source info available)
V  [jvm.dll+0x980be3]  (no source info available)
V  [jvm.dll+0x2b5a76]  (no source info available)
V  [jvm.dll+0xd00af]  (no source info available)
V  [jvm.dll+0xd030f]  (no source info available)
V  [jvm.dll+0x15b85f]  (no source info available)
V  [jvm.dll+0x746bef]  (no source info available)
V  [jvm.dll+0x27a478]  (no source info available)
V  [jvm.dll+0x279591]  (no source info available)
V  [jvm.dll+0x1f30fa]  (no source info available)
V  [jvm.dll+0x288d95]  (no source info available)
V  [jvm.dll+0x28702a]  (no source info available)
V  [jvm.dll+0x43e016]  (no source info available)
V  [jvm.dll+0x920c78]  (no source info available)
V  [jvm.dll+0x73fab5]  (no source info available)
C  [ucrtbase.dll+0x37b0]  (no source info available)
C  [KERNEL32.DLL+0x2e8d7]  (no source info available)
C  [ntdll.dll+0x8c48c]  (no source info available)

Lock stack of current Java thread (top to bottom):


---------------  P R O C E S S  ---------------

Threads class SMR info:
_java_thread_list=0x000001fcbf473020, length=12, elements={
0x000001fc9d75ad50, 0x000001fcbeeea240, 0x000001fcbeeea980, 0x000001fcbeef0820,
0x000001fcbeef1350, 0x000001fcbeef3560, 0x000001fcbf248c00, 0x000001fcbf251ba0,
0x000001fcbeefb6b0, 0x000001fcbf3ab2b0, 0x000001fcbf3aba00, 0x000001fcbfe991e0
}

Java Threads: ( => current thread )
  0x000001fc9d75ad50 JavaThread "main"                              [_thread_in_native, id=16956, stack(0x0000009e9a300000,0x0000009e9a400000) (1024K)]
  0x000001fcbeeea240 JavaThread "Reference Handler"          daemon [_thread_blocked, id=10020, stack(0x0000009e9ab00000,0x0000009e9ac00000) (1024K)]
  0x000001fcbeeea980 JavaThread "Finalizer"                  daemon [_thread_blocked, id=9064, stack(0x0000009e9ac00000,0x0000009e9ad00000) (1024K)]
  0x000001fcbeef0820 JavaThread "Signal Dispatcher"          daemon [_thread_blocked, id=18680, stack(0x0000009e9ad00000,0x0000009e9ae00000) (1024K)]
  0x000001fcbeef1350 JavaThread "Attach Listener"            daemon [_thread_blocked, id=11500, stack(0x0000009e9ae00000,0x0000009e9af00000) (1024K)]
  0x000001fcbeef3560 JavaThread "Service Thread"             daemon [_thread_blocked, id=6712, stack(0x0000009e9af00000,0x0000009e9b000000) (1024K)]
  0x000001fcbf248c00 JavaThread "Monitor Deflation Thread"   daemon [_thread_blocked, id=10768, stack(0x0000009e9b000000,0x0000009e9b100000) (1024K)]
=>0x000001fcbf251ba0 JavaThread "C2 CompilerThread0"         daemon [_thread_in_native, id=11004, stack(0x0000009e9b100000,0x0000009e9b200000) (1024K)]
  0x000001fcbeefb6b0 JavaThread "C1 CompilerThread0"         daemon [_thread_blocked, id=18068, stack(0x0000009e9b200000,0x0000009e9b300000) (1024K)]
  0x000001fcbf3ab2b0 JavaThread "Notification Thread"        daemon [_thread_blocked, id=13712, stack(0x0000009e9b300000,0x0000009e9b400000) (1024K)]
  0x000001fcbf3aba00 JavaThread "Common-Cleaner"             daemon [_thread_blocked, id=8252, stack(0x0000009e9b400000,0x0000009e9b500000) (1024K)]
  0x000001fcbfe991e0 JavaThread "C2 CompilerThread1"         daemon [_thread_in_native, id=13304, stack(0x0000009e9b500000,0x0000009e9b600000) (1024K)]
Total: 12

Other Threads:
  0x000001fcbeda20e0 VMThread "VM Thread"                           [id=15600, stack(0x0000009e9aa00000,0x0000009e9ab00000) (1024K)]
  0x000001fcbeece130 WatcherThread "VM Periodic Task Thread"        [id=16820, stack(0x0000009e9a900000,0x0000009e9aa00000) (1024K)]
  0x000001fc9fbaa930 WorkerThread "GC Thread#0"                     [id=2404, stack(0x0000009e9a400000,0x0000009e9a500000) (1024K)]
  0x000001fc9fbbffc0 ConcurrentGCThread "G1 Main Marker"            [id=11644, stack(0x0000009e9a500000,0x0000009e9a600000) (1024K)]
  0x000001fc9fbc31a0 WorkerThread "G1 Conc#0"                       [id=3908, stack(0x0000009e9a600000,0x0000009e9a700000) (1024K)]
  0x000001fcbed95090 ConcurrentGCThread "G1 Refine#0"               [id=18524, stack(0x0000009e9a700000,0x0000009e9a800000) (1024K)]
  0x000001fcbed95a20 ConcurrentGCThread "G1 Service"                [id=11872, stack(0x0000009e9a800000,0x0000009e9a900000) (1024K)]
Total: 7

Threads with active compile tasks:
C2 CompilerThread0  2426  821       4       java.lang.StringLatin1::indexOf (121 bytes)
C2 CompilerThread1  2426  896       4       java.lang.AbstractStringBuilder::append (45 bytes)
Total: 2

VM state: not at safepoint (normal execution)

VM Mutex/Monitor currently owned by a thread: None

Heap address: 0x0000000706200000, size: 3998 MB, Compressed Oops mode: Zero based, Oop shift amount: 3

CDS archive(s) mapped at: [0x000001fcc0000000-0x000001fcc0d40000-0x000001fcc0d40000), size 13893632, SharedBaseAddress: 0x000001fcc0000000, ArchiveRelocationMode: 1.
Compressed class space mapped at: 0x000001fcc1000000-0x000001fd01000000, reserved size: 1073741824
UseCompressedClassPointers 1, UseCompactObjectHeaders 0
Narrow klass pointer bits 32, Max shift 3
Narrow klass base: 0x000001fcc0000000, Narrow klass shift: 0
Encoding Range: [0x000001fcc0000000 - 0x000001fdc0000000), (4294967296 bytes)
Klass Range:    [0x000001fcc0000000 - 0x000001fd01000000), (1090519040 bytes)
Klass ID Range:  [8 - 1090519033) (1090519025)

GC Precious Log:
 CardTable entry size: 512
 Card Set container configuration: InlinePtr #cards 4 size 8 Array Of Cards #cards 16 size 48 Howl #buckets 8 coarsen threshold 3686 Howl Bitmap #cards 512 size 80 coarsen threshold 460 Card regions per heap region 1 cards per card region 4096
 CPUs: 8 total, 8 available
 Memory: 15984M
 Large Page Support: Disabled
 NUMA Support: Disabled
 Compressed Oops: Enabled (Zero based)
 Heap Region Size: 2M
 Heap Min Capacity: 8M
 Heap Initial Capacity: 250M
 Heap Max Capacity: 3998M
 Pre-touch: Disabled
 Parallel Workers: 8
 Concurrent Workers: 2
 Concurrent Refinement Workers: 8
 Periodic GC: Disabled

Heap:
 garbage-first heap   total reserved 4093952K, committed 258048K, used 13424K [0x0000000706200000, 0x0000000800000000)
  region size 2048K, 7 young (14336K), 0 survivors (0K)
 Metaspace       used 3305K, committed 3456K, reserved 1114112K
  class space    used 265K, committed 320K, reserved 1048576K

Heap Regions: E=young(eden), S=young(survivor), O=old, HS=humongous(starts), HC=humongous(continues), CS=collection set, F=free, TAMS=top-at-mark-start, PB=parsable bottom
|   0|0x0000000706200000, 0x0000000706200000, 0x0000000706400000|  0%| F|  |TAMS 0x0000000706200000| PB 0x0000000706200000| Untracked |  0
|   1|0x0000000706400000, 0x0000000706400000, 0x0000000706600000|  0%| F|  |TAMS 0x0000000706400000| PB 0x0000000706400000| Untracked |  0
|   2|0x0000000706600000, 0x0000000706600000, 0x0000000706800000|  0%| F|  |TAMS 0x0000000706600000| PB 0x0000000706600000| Untracked |  0
|   3|0x0000000706800000, 0x0000000706800000, 0x0000000706a00000|  0%| F|  |TAMS 0x0000000706800000| PB 0x0000000706800000| Untracked |  0
|   4|0x0000000706a00000, 0x0000000706a00000, 0x0000000706c00000|  0%| F|  |TAMS 0x0000000706a00000| PB 0x0000000706a00000| Untracked |  0
|   5|0x0000000706c00000, 0x0000000706c00000, 0x0000000706e00000|  0%| F|  |TAMS 0x0000000706c00000| PB 0x0000000706c00000| Untracked |  0
|   6|0x0000000706e00000, 0x0000000706e00000, 0x0000000707000000|  0%| F|  |TAMS 0x0000000706e00000| PB 0x0000000706e00000| Untracked |  0
|   7|0x0000000707000000, 0x0000000707000000, 0x0000000707200000|  0%| F|  |TAMS 0x0000000707000000| PB 0x0000000707000000| Untracked |  0
|   8|0x0000000707200000, 0x0000000707200000, 0x0000000707400000|  0%| F|  |TAMS 0x0000000707200000| PB 0x0000000707200000| Untracked |  0
|   9|0x0000000707400000, 0x0000000707400000, 0x0000000707600000|  0%| F|  |TAMS 0x0000000707400000| PB 0x0000000707400000| Untracked |  0
|  10|0x0000000707600000, 0x0000000707600000, 0x0000000707800000|  0%| F|  |TAMS 0x0000000707600000| PB 0x0000000707600000| Untracked |  0
|  11|0x0000000707800000, 0x0000000707800000, 0x0000000707a00000|  0%| F|  |TAMS 0x0000000707800000| PB 0x0000000707800000| Untracked |  0
|  12|0x0000000707a00000, 0x0000000707a00000, 0x0000000707c00000|  0%| F|  |TAMS 0x0000000707a00000| PB 0x0000000707a00000| Untracked |  0
|  13|0x0000000707c00000, 0x0000000707c00000, 0x0000000707e00000|  0%| F|  |TAMS 0x0000000707c00000| PB 0x0000000707c00000| Untracked |  0
|  14|0x0000000707e00000, 0x0000000707e00000, 0x0000000708000000|  0%| F|  |TAMS 0x0000000707e00000| PB 0x0000000707e00000| Untracked |  0
|  15|0x0000000708000000, 0x0000000708000000, 0x0000000708200000|  0%| F|  |TAMS 0x0000000708000000| PB 0x0000000708000000| Untracked |  0
|  16|0x0000000708200000, 0x0000000708200000, 0x0000000708400000|  0%| F|  |TAMS 0x0000000708200000| PB 0x0000000708200000| Untracked |  0
|  17|0x0000000708400000, 0x0000000708400000, 0x0000000708600000|  0%| F|  |TAMS 0x0000000708400000| PB 0x0000000708400000| Untracked |  0
|  18|0x0000000708600000, 0x0000000708600000, 0x0000000708800000|  0%| F|  |TAMS 0x0000000708600000| PB 0x0000000708600000| Untracked |  0
|  19|0x0000000708800000, 0x0000000708800000, 0x0000000708a00000|  0%| F|  |TAMS 0x0000000708800000| PB 0x0000000708800000| Untracked |  0
|  20|0x0000000708a00000, 0x0000000708a00000, 0x0000000708c00000|  0%| F|  |TAMS 0x0000000708a00000| PB 0x0000000708a00000| Untracked |  0
|  21|0x0000000708c00000, 0x0000000708c00000, 0x0000000708e00000|  0%| F|  |TAMS 0x0000000708c00000| PB 0x0000000708c00000| Untracked |  0
|  22|0x0000000708e00000, 0x0000000708e00000, 0x0000000709000000|  0%| F|  |TAMS 0x0000000708e00000| PB 0x0000000708e00000| Untracked |  0
|  23|0x0000000709000000, 0x0000000709000000, 0x0000000709200000|  0%| F|  |TAMS 0x0000000709000000| PB 0x0000000709000000| Untracked |  0
|  24|0x0000000709200000, 0x0000000709200000, 0x0000000709400000|  0%| F|  |TAMS 0x0000000709200000| PB 0x0000000709200000| Untracked |  0
|  25|0x0000000709400000, 0x0000000709400000, 0x0000000709600000|  0%| F|  |TAMS 0x0000000709400000| PB 0x0000000709400000| Untracked |  0
|  26|0x0000000709600000, 0x0000000709600000, 0x0000000709800000|  0%| F|  |TAMS 0x0000000709600000| PB 0x0000000709600000| Untracked |  0
|  27|0x0000000709800000, 0x0000000709800000, 0x0000000709a00000|  0%| F|  |TAMS 0x0000000709800000| PB 0x0000000709800000| Untracked |  0
|  28|0x0000000709a00000, 0x0000000709a00000, 0x0000000709c00000|  0%| F|  |TAMS 0x0000000709a00000| PB 0x0000000709a00000| Untracked |  0
|  29|0x0000000709c00000, 0x0000000709c00000, 0x0000000709e00000|  0%| F|  |TAMS 0x0000000709c00000| PB 0x0000000709c00000| Untracked |  0
|  30|0x0000000709e00000, 0x0000000709e00000, 0x000000070a000000|  0%| F|  |TAMS 0x0000000709e00000| PB 0x0000000709e00000| Untracked |  0
|  31|0x000000070a000000, 0x000000070a000000, 0x000000070a200000|  0%| F|  |TAMS 0x000000070a000000| PB 0x000000070a000000| Untracked |  0
|  32|0x000000070a200000, 0x000000070a200000, 0x000000070a400000|  0%| F|  |TAMS 0x000000070a200000| PB 0x000000070a200000| Untracked |  0
|  33|0x000000070a400000, 0x000000070a400000, 0x000000070a600000|  0%| F|  |TAMS 0x000000070a400000| PB 0x000000070a400000| Untracked |  0
|  34|0x000000070a600000, 0x000000070a600000, 0x000000070a800000|  0%| F|  |TAMS 0x000000070a600000| PB 0x000000070a600000| Untracked |  0
|  35|0x000000070a800000, 0x000000070a800000, 0x000000070aa00000|  0%| F|  |TAMS 0x000000070a800000| PB 0x000000070a800000| Untracked |  0
|  36|0x000000070aa00000, 0x000000070aa00000, 0x000000070ac00000|  0%| F|  |TAMS 0x000000070aa00000| PB 0x000000070aa00000| Untracked |  0
|  37|0x000000070ac00000, 0x000000070ac00000, 0x000000070ae00000|  0%| F|  |TAMS 0x000000070ac00000| PB 0x000000070ac00000| Untracked |  0
|  38|0x000000070ae00000, 0x000000070ae00000, 0x000000070b000000|  0%| F|  |TAMS 0x000000070ae00000| PB 0x000000070ae00000| Untracked |  0
|  39|0x000000070b000000, 0x000000070b000000, 0x000000070b200000|  0%| F|  |TAMS 0x000000070b000000| PB 0x000000070b000000| Untracked |  0
|  40|0x000000070b200000, 0x000000070b200000, 0x000000070b400000|  0%| F|  |TAMS 0x000000070b200000| PB 0x000000070b200000| Untracked |  0
|  41|0x000000070b400000, 0x000000070b400000, 0x000000070b600000|  0%| F|  |TAMS 0x000000070b400000| PB 0x000000070b400000| Untracked |  0
|  42|0x000000070b600000, 0x000000070b600000, 0x000000070b800000|  0%| F|  |TAMS 0x000000070b600000| PB 0x000000070b600000| Untracked |  0
|  43|0x000000070b800000, 0x000000070b800000, 0x000000070ba00000|  0%| F|  |TAMS 0x000000070b800000| PB 0x000000070b800000| Untracked |  0
|  44|0x000000070ba00000, 0x000000070ba00000, 0x000000070bc00000|  0%| F|  |TAMS 0x000000070ba00000| PB 0x000000070ba00000| Untracked |  0
|  45|0x000000070bc00000, 0x000000070bc00000, 0x000000070be00000|  0%| F|  |TAMS 0x000000070bc00000| PB 0x000000070bc00000| Untracked |  0
|  46|0x000000070be00000, 0x000000070be00000, 0x000000070c000000|  0%| F|  |TAMS 0x000000070be00000| PB 0x000000070be00000| Untracked |  0
|  47|0x000000070c000000, 0x000000070c000000, 0x000000070c200000|  0%| F|  |TAMS 0x000000070c000000| PB 0x000000070c000000| Untracked |  0
|  48|0x000000070c200000, 0x000000070c200000, 0x000000070c400000|  0%| F|  |TAMS 0x000000070c200000| PB 0x000000070c200000| Untracked |  0
|  49|0x000000070c400000, 0x000000070c400000, 0x000000070c600000|  0%| F|  |TAMS 0x000000070c400000| PB 0x000000070c400000| Untracked |  0
|  50|0x000000070c600000, 0x000000070c600000, 0x000000070c800000|  0%| F|  |TAMS 0x000000070c600000| PB 0x000000070c600000| Untracked |  0
|  51|0x000000070c800000, 0x000000070c800000, 0x000000070ca00000|  0%| F|  |TAMS 0x000000070c800000| PB 0x000000070c800000| Untracked |  0
|  52|0x000000070ca00000, 0x000000070ca00000, 0x000000070cc00000|  0%| F|  |TAMS 0x000000070ca00000| PB 0x000000070ca00000| Untracked |  0
|  53|0x000000070cc00000, 0x000000070cc00000, 0x000000070ce00000|  0%| F|  |TAMS 0x000000070cc00000| PB 0x000000070cc00000| Untracked |  0
|  54|0x000000070ce00000, 0x000000070ce00000, 0x000000070d000000|  0%| F|  |TAMS 0x000000070ce00000| PB 0x000000070ce00000| Untracked |  0
|  55|0x000000070d000000, 0x000000070d000000, 0x000000070d200000|  0%| F|  |TAMS 0x000000070d000000| PB 0x000000070d000000| Untracked |  0
|  56|0x000000070d200000, 0x000000070d200000, 0x000000070d400000|  0%| F|  |TAMS 0x000000070d200000| PB 0x000000070d200000| Untracked |  0
|  57|0x000000070d400000, 0x000000070d400000, 0x000000070d600000|  0%| F|  |TAMS 0x000000070d400000| PB 0x000000070d400000| Untracked |  0
|  58|0x000000070d600000, 0x000000070d600000, 0x000000070d800000|  0%| F|  |TAMS 0x000000070d600000| PB 0x000000070d600000| Untracked |  0
|  59|0x000000070d800000, 0x000000070d800000, 0x000000070da00000|  0%| F|  |TAMS 0x000000070d800000| PB 0x000000070d800000| Untracked |  0
|  60|0x000000070da00000, 0x000000070da00000, 0x000000070dc00000|  0%| F|  |TAMS 0x000000070da00000| PB 0x000000070da00000| Untracked |  0
|  61|0x000000070dc00000, 0x000000070dc00000, 0x000000070de00000|  0%| F|  |TAMS 0x000000070dc00000| PB 0x000000070dc00000| Untracked |  0
|  62|0x000000070de00000, 0x000000070de00000, 0x000000070e000000|  0%| F|  |TAMS 0x000000070de00000| PB 0x000000070de00000| Untracked |  0
|  63|0x000000070e000000, 0x000000070e000000, 0x000000070e200000|  0%| F|  |TAMS 0x000000070e000000| PB 0x000000070e000000| Untracked |  0
|  64|0x000000070e200000, 0x000000070e200000, 0x000000070e400000|  0%| F|  |TAMS 0x000000070e200000| PB 0x000000070e200000| Untracked |  0
|  65|0x000000070e400000, 0x000000070e400000, 0x000000070e600000|  0%| F|  |TAMS 0x000000070e400000| PB 0x000000070e400000| Untracked |  0
|  66|0x000000070e600000, 0x000000070e600000, 0x000000070e800000|  0%| F|  |TAMS 0x000000070e600000| PB 0x000000070e600000| Untracked |  0
|  67|0x000000070e800000, 0x000000070e800000, 0x000000070ea00000|  0%| F|  |TAMS 0x000000070e800000| PB 0x000000070e800000| Untracked |  0
|  68|0x000000070ea00000, 0x000000070ea00000, 0x000000070ec00000|  0%| F|  |TAMS 0x000000070ea00000| PB 0x000000070ea00000| Untracked |  0
|  69|0x000000070ec00000, 0x000000070ec00000, 0x000000070ee00000|  0%| F|  |TAMS 0x000000070ec00000| PB 0x000000070ec00000| Untracked |  0
|  70|0x000000070ee00000, 0x000000070ee00000, 0x000000070f000000|  0%| F|  |TAMS 0x000000070ee00000| PB 0x000000070ee00000| Untracked |  0
|  71|0x000000070f000000, 0x000000070f000000, 0x000000070f200000|  0%| F|  |TAMS 0x000000070f000000| PB 0x000000070f000000| Untracked |  0
|  72|0x000000070f200000, 0x000000070f200000, 0x000000070f400000|  0%| F|  |TAMS 0x000000070f200000| PB 0x000000070f200000| Untracked |  0
|  73|0x000000070f400000, 0x000000070f400000, 0x000000070f600000|  0%| F|  |TAMS 0x000000070f400000| PB 0x000000070f400000| Untracked |  0
|  74|0x000000070f600000, 0x000000070f600000, 0x000000070f800000|  0%| F|  |TAMS 0x000000070f600000| PB 0x000000070f600000| Untracked |  0
|  75|0x000000070f800000, 0x000000070f800000, 0x000000070fa00000|  0%| F|  |TAMS 0x000000070f800000| PB 0x000000070f800000| Untracked |  0
|  76|0x000000070fa00000, 0x000000070fa00000, 0x000000070fc00000|  0%| F|  |TAMS 0x000000070fa00000| PB 0x000000070fa00000| Untracked |  0
|  77|0x000000070fc00000, 0x000000070fc00000, 0x000000070fe00000|  0%| F|  |TAMS 0x000000070fc00000| PB 0x000000070fc00000| Untracked |  0
|  78|0x000000070fe00000, 0x000000070fe00000, 0x0000000710000000|  0%| F|  |TAMS 0x000000070fe00000| PB 0x000000070fe00000| Untracked |  0
|  79|0x0000000710000000, 0x0000000710000000, 0x0000000710200000|  0%| F|  |TAMS 0x0000000710000000| PB 0x0000000710000000| Untracked |  0
|  80|0x0000000710200000, 0x0000000710200000, 0x0000000710400000|  0%| F|  |TAMS 0x0000000710200000| PB 0x0000000710200000| Untracked |  0
|  81|0x0000000710400000, 0x0000000710400000, 0x0000000710600000|  0%| F|  |TAMS 0x0000000710400000| PB 0x0000000710400000| Untracked |  0
|  82|0x0000000710600000, 0x0000000710600000, 0x0000000710800000|  0%| F|  |TAMS 0x0000000710600000| PB 0x0000000710600000| Untracked |  0
|  83|0x0000000710800000, 0x0000000710800000, 0x0000000710a00000|  0%| F|  |TAMS 0x0000000710800000| PB 0x0000000710800000| Untracked |  0
|  84|0x0000000710a00000, 0x0000000710a00000, 0x0000000710c00000|  0%| F|  |TAMS 0x0000000710a00000| PB 0x0000000710a00000| Untracked |  0
|  85|0x0000000710c00000, 0x0000000710c00000, 0x0000000710e00000|  0%| F|  |TAMS 0x0000000710c00000| PB 0x0000000710c00000| Untracked |  0
|  86|0x0000000710e00000, 0x0000000710e00000, 0x0000000711000000|  0%| F|  |TAMS 0x0000000710e00000| PB 0x0000000710e00000| Untracked |  0
|  87|0x0000000711000000, 0x0000000711000000, 0x0000000711200000|  0%| F|  |TAMS 0x0000000711000000| PB 0x0000000711000000| Untracked |  0
|  88|0x0000000711200000, 0x0000000711200000, 0x0000000711400000|  0%| F|  |TAMS 0x0000000711200000| PB 0x0000000711200000| Untracked |  0
|  89|0x0000000711400000, 0x0000000711400000, 0x0000000711600000|  0%| F|  |TAMS 0x0000000711400000| PB 0x0000000711400000| Untracked |  0
|  90|0x0000000711600000, 0x0000000711600000, 0x0000000711800000|  0%| F|  |TAMS 0x0000000711600000| PB 0x0000000711600000| Untracked |  0
|  91|0x0000000711800000, 0x0000000711800000, 0x0000000711a00000|  0%| F|  |TAMS 0x0000000711800000| PB 0x0000000711800000| Untracked |  0
|  92|0x0000000711a00000, 0x0000000711a00000, 0x0000000711c00000|  0%| F|  |TAMS 0x0000000711a00000| PB 0x0000000711a00000| Untracked |  0
|  93|0x0000000711c00000, 0x0000000711c00000, 0x0000000711e00000|  0%| F|  |TAMS 0x0000000711c00000| PB 0x0000000711c00000| Untracked |  0
|  94|0x0000000711e00000, 0x0000000711e00000, 0x0000000712000000|  0%| F|  |TAMS 0x0000000711e00000| PB 0x0000000711e00000| Untracked |  0
|  95|0x0000000712000000, 0x0000000712000000, 0x0000000712200000|  0%| F|  |TAMS 0x0000000712000000| PB 0x0000000712000000| Untracked |  0
|  96|0x0000000712200000, 0x0000000712200000, 0x0000000712400000|  0%| F|  |TAMS 0x0000000712200000| PB 0x0000000712200000| Untracked |  0
|  97|0x0000000712400000, 0x0000000712400000, 0x0000000712600000|  0%| F|  |TAMS 0x0000000712400000| PB 0x0000000712400000| Untracked |  0
|  98|0x0000000712600000, 0x0000000712600000, 0x0000000712800000|  0%| F|  |TAMS 0x0000000712600000| PB 0x0000000712600000| Untracked |  0
|  99|0x0000000712800000, 0x0000000712800000, 0x0000000712a00000|  0%| F|  |TAMS 0x0000000712800000| PB 0x0000000712800000| Untracked |  0
| 100|0x0000000712a00000, 0x0000000712a00000, 0x0000000712c00000|  0%| F|  |TAMS 0x0000000712a00000| PB 0x0000000712a00000| Untracked |  0
| 101|0x0000000712c00000, 0x0000000712c00000, 0x0000000712e00000|  0%| F|  |TAMS 0x0000000712c00000| PB 0x0000000712c00000| Untracked |  0
| 102|0x0000000712e00000, 0x0000000712e00000, 0x0000000713000000|  0%| F|  |TAMS 0x0000000712e00000| PB 0x0000000712e00000| Untracked |  0
| 103|0x0000000713000000, 0x0000000713000000, 0x0000000713200000|  0%| F|  |TAMS 0x0000000713000000| PB 0x0000000713000000| Untracked |  0
| 104|0x0000000713200000, 0x0000000713200000, 0x0000000713400000|  0%| F|  |TAMS 0x0000000713200000| PB 0x0000000713200000| Untracked |  0
| 105|0x0000000713400000, 0x0000000713400000, 0x0000000713600000|  0%| F|  |TAMS 0x0000000713400000| PB 0x0000000713400000| Untracked |  0
| 106|0x0000000713600000, 0x0000000713600000, 0x0000000713800000|  0%| F|  |TAMS 0x0000000713600000| PB 0x0000000713600000| Untracked |  0
| 107|0x0000000713800000, 0x0000000713800000, 0x0000000713a00000|  0%| F|  |TAMS 0x0000000713800000| PB 0x0000000713800000| Untracked |  0
| 108|0x0000000713a00000, 0x0000000713a00000, 0x0000000713c00000|  0%| F|  |TAMS 0x0000000713a00000| PB 0x0000000713a00000| Untracked |  0
| 109|0x0000000713c00000, 0x0000000713c00000, 0x0000000713e00000|  0%| F|  |TAMS 0x0000000713c00000| PB 0x0000000713c00000| Untracked |  0
| 110|0x0000000713e00000, 0x0000000713e00000, 0x0000000714000000|  0%| F|  |TAMS 0x0000000713e00000| PB 0x0000000713e00000| Untracked |  0
| 111|0x0000000714000000, 0x0000000714000000, 0x0000000714200000|  0%| F|  |TAMS 0x0000000714000000| PB 0x0000000714000000| Untracked |  0
| 112|0x0000000714200000, 0x0000000714200000, 0x0000000714400000|  0%| F|  |TAMS 0x0000000714200000| PB 0x0000000714200000| Untracked |  0
| 113|0x0000000714400000, 0x0000000714400000, 0x0000000714600000|  0%| F|  |TAMS 0x0000000714400000| PB 0x0000000714400000| Untracked |  0
| 114|0x0000000714600000, 0x0000000714600000, 0x0000000714800000|  0%| F|  |TAMS 0x0000000714600000| PB 0x0000000714600000| Untracked |  0
| 115|0x0000000714800000, 0x0000000714800000, 0x0000000714a00000|  0%| F|  |TAMS 0x0000000714800000| PB 0x0000000714800000| Untracked |  0
| 116|0x0000000714a00000, 0x0000000714a00000, 0x0000000714c00000|  0%| F|  |TAMS 0x0000000714a00000| PB 0x0000000714a00000| Untracked |  0
| 117|0x0000000714c00000, 0x0000000714c00000, 0x0000000714e00000|  0%| F|  |TAMS 0x0000000714c00000| PB 0x0000000714c00000| Untracked |  0
| 118|0x0000000714e00000, 0x0000000714fec870, 0x0000000715000000| 96%| E|  |TAMS 0x0000000714e00000| PB 0x0000000714e00000| Complete |  0
| 119|0x0000000715000000, 0x0000000715200000, 0x0000000715200000|100%| E|CS|TAMS 0x0000000715000000| PB 0x0000000715000000| Complete |  0
| 120|0x0000000715200000, 0x0000000715400000, 0x0000000715400000|100%| E|CS|TAMS 0x0000000715200000| PB 0x0000000715200000| Complete |  0
| 121|0x0000000715400000, 0x0000000715600000, 0x0000000715600000|100%| E|CS|TAMS 0x0000000715400000| PB 0x0000000715400000| Complete |  0
| 122|0x0000000715600000, 0x0000000715800000, 0x0000000715800000|100%| E|CS|TAMS 0x0000000715600000| PB 0x0000000715600000| Complete |  0
| 123|0x0000000715800000, 0x0000000715a00000, 0x0000000715a00000|100%| E|CS|TAMS 0x0000000715800000| PB 0x0000000715800000| Complete |  0
| 124|0x0000000715a00000, 0x0000000715c00000, 0x0000000715c00000|100%| E|CS|TAMS 0x0000000715a00000| PB 0x0000000715a00000| Complete |  0
|1998|0x00000007ffe00000, 0x00000007fff1c318, 0x0000000800000000| 55%| O|  |TAMS 0x00000007ffe00000| PB 0x00000007ffe00000| Untracked |  0

Card table byte_map: [0x000001fcb8150000,0x000001fcb8920000] _byte_map_base: 0x000001fcb491f000

Marking Bits: (CMBitMap*) 0x000001fc9fbaaf50
 Bits: [0x000001fcb8920000, 0x000001fcbc798000)

Polling page: 0x000001fc9d9e0000

Metaspace:

Usage:
  Non-class:      2.99 MB used.
      Class:    268.19 KB used.
       Both:      3.25 MB used.

Virtual space:
  Non-class space:       64.00 MB reserved,       3.06 MB (  5%) committed,  1 nodes.
      Class space:        1.00 GB reserved,     320.00 KB ( <1%) committed,  1 nodes.
             Both:        1.06 GB reserved,       3.38 MB ( <1%) committed. 

Chunk freelists:
   Non-Class:  10.52 MB
       Class:  15.58 MB
        Both:  26.09 MB

MaxMetaspaceSize: unlimited
CompressedClassSpaceSize: 1.00 GB
Initial GC threshold: 21.00 MB
Current GC threshold: 21.00 MB
CDS: on
 - commit_granule_bytes: 65536.
 - commit_granule_words: 8192.
 - virtual_space_node_default_size: 8388608.
 - enlarge_chunks_in_place: 1.
UseCompressedClassPointers 1, UseCompactObjectHeaders 0
Narrow klass pointer bits 32, Max shift 3
Narrow klass base: 0x000001fcc0000000, Narrow klass shift: 0
Encoding Range: [0x000001fcc0000000 - 0x000001fdc0000000), (4294967296 bytes)
Klass Range:    [0x000001fcc0000000 - 0x000001fd01000000), (1090519040 bytes)
Klass ID Range:  [8 - 1090519033) (1090519025)


Internal statistics:

num_allocs_failed_limit: 0.
num_arena_births: 42.
num_arena_deaths: 0.
num_vsnodes_births: 2.
num_vsnodes_deaths: 0.
num_space_committed: 54.
num_space_uncommitted: 0.
num_chunks_returned_to_freelist: 0.
num_chunks_taken_from_freelist: 133.
num_chunk_merges: 0.
num_chunk_splits: 79.
num_chunks_enlarged: 60.
num_inconsistent_stats: 0.

CodeHeap 'non-profiled nmethods': size=120064Kb used=261Kb max_used=261Kb free=119802Kb
 bounds [0x000001fcb0100000, 0x000001fcb0370000, 0x000001fcb7640000]
CodeHeap 'profiled nmethods': size=120000Kb used=1381Kb max_used=1381Kb free=118618Kb
 bounds [0x000001fca8640000, 0x000001fca88b0000, 0x000001fcafb70000]
CodeHeap 'non-nmethods': size=5696Kb used=1282Kb max_used=1300Kb free=4413Kb
 bounds [0x000001fcafb70000, 0x000001fcafde0000, 0x000001fcb0100000]
CodeCache: size=245760Kb, used=2924Kb, max_used=2942Kb, free=242833Kb
 total_blobs=1348, nmethods=903, adapters=350, full_count=0
Compilation: enabled, stopped_count=0, restarted_count=0

Compilation events (20 events):
Event: 1.347 Thread 0x000001fcbeefb6b0 nmethod 814 0x000001fca8771108 code [0x000001fca8771240, 0x000001fca8771600]
Event: 1.347 Thread 0x000001fcbeefb6b0  818   !   3       java.util.zip.Inflater::needsInput (55 bytes)
Event: 1.347 Thread 0x000001fcbeefb6b0 nmethod 818 0x000001fca8771688 code [0x000001fca87717c0, 0x000001fca8771c60]
Event: 1.347 Thread 0x000001fcbeefb6b0  819   !   3       java.util.zip.Inflater::inflate (456 bytes)
Event: 1.349 Thread 0x000001fcbeefb6b0 nmethod 819 0x000001fca8771c88 code [0x000001fca8771fe0, 0x000001fca8773ee0]
Event: 1.349 Thread 0x000001fcbeefb6b0  816   !   3       java.io.WinNTFileSystem::isInvalid (78 bytes)
Event: 1.350 Thread 0x000001fcbeefb6b0 nmethod 816 0x000001fca8773f88 code [0x000001fca87740c0, 0x000001fca8774320]
Event: 1.350 Thread 0x000001fcbeefb6b0  812       3       java.util.jar.JavaUtilJarAccessImpl::entryFor (6 bytes)
Event: 1.350 Thread 0x000001fcbeefb6b0 nmethod 812 0x000001fca8774388 code [0x000001fca87744c0, 0x000001fca87748f0]
Event: 1.350 Thread 0x000001fcbeefb6b0  813       3       java.util.jar.JarFile::entryFor (10 bytes)
Event: 1.350 Thread 0x000001fcbeefb6b0 nmethod 813 0x000001fca8774988 code [0x000001fca8774ac0, 0x000001fca8774e00]
Event: 1.350 Thread 0x000001fcbf251ba0  821       4       java.lang.StringLatin1::indexOf (121 bytes)
Event: 1.352 Thread 0x000001fcbeefb6b0  822       3       jdk.internal.perf.PerfCounter::addElapsedTimeFrom (10 bytes)
Event: 1.352 Thread 0x000001fcbeefb6b0 nmethod 822 0x000001fca8774e88 code [0x000001fca8774fa0, 0x000001fca8775138]
Event: 1.355 Thread 0x000001fcbf456180  823       4       java.nio.Buffer::session (20 bytes)
Event: 1.356 Thread 0x000001fcbf456180 nmethod 823 0x000001fcb013be08 code [0x000001fcb013bf00, 0x000001fcb013bf98]
Event: 1.357 Thread 0x000001fcbf456180  824       4       java.nio.Buffer::checkIndex (12 bytes)
Event: 1.357 Thread 0x000001fcbeefb6b0  825       3       java.lang.ref.SoftReference::get (29 bytes)
Event: 1.357 Thread 0x000001fcbeefb6b0 nmethod 825 0x000001fca8775188 code [0x000001fca87752a0, 0x000001fca8775458]
Event: 1.357 Thread 0x000001fcbf456180 nmethod 824 0x000001fcb013c108 code [0x000001fcb013c200, 0x000001fcb013c2b8]

GC Heap History (0 events):
No events

Dll operation events (8 events):
Event: 0.007 Loaded shared library C:\Program Files\Apache NetBeans\jdk\bin\java.dll
Event: 0.028 Loaded shared library C:\Program Files\Apache NetBeans\jdk\bin\jsvml.dll
Event: 0.038 Loaded shared library C:\Program Files\Apache NetBeans\jdk\bin\net.dll
Event: 0.040 Loaded shared library C:\Program Files\Apache NetBeans\jdk\bin\nio.dll
Event: 0.043 Loaded shared library C:\Program Files\Apache NetBeans\jdk\bin\zip.dll
Event: 0.148 Loaded shared library C:\Program Files\Apache NetBeans\jdk\bin\jimage.dll
Event: 0.149 Loaded shared library C:\Program Files\Apache NetBeans\java\maven\lib\jansi-native\Windows\x86_64\jansi.dll
Event: 0.159 Loaded shared library C:\Program Files\Apache NetBeans\jdk\bin\verify.dll

Deoptimization events (20 events):
Event: 0.218 Thread 0x000001fc9d75ad50 Uncommon trap: trap_request=0xffffff4d fr.pc=0x000001fcb010e8f8 relative=0x0000000000000078
Event: 0.218 Thread 0x000001fc9d75ad50 Uncommon trap: reason=unstable_if action=reinterpret pc=0x000001fcb010e8f8 method=jdk.internal.misc.Unsafe.convEndian(ZS)S @ 4 c2
Event: 0.218 Thread 0x000001fc9d75ad50 DEOPT PACKING pc=0x000001fcb010e8f8 sp=0x0000009e9a3fd110
Event: 0.218 Thread 0x000001fc9d75ad50 DEOPT UNPACKING pc=0x000001fcafc86382 sp=0x0000009e9a3fd040 mode 2
Event: 0.218 Thread 0x000001fc9d75ad50 Uncommon trap: trap_request=0xffffff4d fr.pc=0x000001fcb010eef4 relative=0x0000000000000074
Event: 0.218 Thread 0x000001fc9d75ad50 Uncommon trap: reason=unstable_if action=reinterpret pc=0x000001fcb010eef4 method=jdk.internal.misc.Unsafe.convEndian(ZI)I @ 4 c2
Event: 0.218 Thread 0x000001fc9d75ad50 DEOPT PACKING pc=0x000001fcb010eef4 sp=0x0000009e9a3fd050
Event: 0.218 Thread 0x000001fc9d75ad50 DEOPT UNPACKING pc=0x000001fcafc86382 sp=0x0000009e9a3fcf80 mode 2
Event: 1.278 Thread 0x000001fc9d75ad50 DEOPT PACKING pc=0x000001fca866ba30 sp=0x0000009e9a3fd400
Event: 1.278 Thread 0x000001fc9d75ad50 DEOPT UNPACKING pc=0x000001fcafbc5722 sp=0x0000009e9a3fc838 mode 0
Event: 1.323 Thread 0x000001fc9d75ad50 Uncommon trap: trap_request=0xffffff4d fr.pc=0x000001fcb0110830 relative=0x0000000000000470
Event: 1.323 Thread 0x000001fc9d75ad50 Uncommon trap: reason=unstable_if action=reinterpret pc=0x000001fcb0110830 method=java.lang.StringLatin1.canEncode(C)Z @ 4 c2
Event: 1.323 Thread 0x000001fc9d75ad50 DEOPT PACKING pc=0x000001fcb0110830 sp=0x0000009e9a3fe410
Event: 1.323 Thread 0x000001fc9d75ad50 DEOPT UNPACKING pc=0x000001fcafc86382 sp=0x0000009e9a3fe340 mode 2
Event: 1.323 Thread 0x000001fc9d75ad50 Uncommon trap: trap_request=0xffffff4d fr.pc=0x000001fcb0111018 relative=0x0000000000000458
Event: 1.323 Thread 0x000001fc9d75ad50 Uncommon trap: reason=unstable_if action=reinterpret pc=0x000001fcb0111018 method=java.lang.AbstractStringBuilder.isLatin1()Z @ 10 c2
Event: 1.323 Thread 0x000001fc9d75ad50 DEOPT PACKING pc=0x000001fcb0111018 sp=0x0000009e9a3fe430
Event: 1.323 Thread 0x000001fc9d75ad50 DEOPT UNPACKING pc=0x000001fcafc86382 sp=0x0000009e9a3fe3c0 mode 2
Event: 1.350 Thread 0x000001fc9d75ad50 DEOPT PACKING pc=0x000001fca8682679 sp=0x0000009e9a3fcd60
Event: 1.350 Thread 0x000001fc9d75ad50 DEOPT UNPACKING pc=0x000001fcafbc5722 sp=0x0000009e9a3fc1b0 mode 0

Classes loaded (20 events):
Event: 1.258 Loading class java/util/concurrent/locks/ReentrantReadWriteLock$ReadLock
Event: 1.258 Loading class java/util/concurrent/locks/ReentrantReadWriteLock$ReadLock done
Event: 1.259 Loading class java/util/concurrent/locks/ReentrantReadWriteLock$WriteLock
Event: 1.259 Loading class java/util/concurrent/locks/ReentrantReadWriteLock$WriteLock done
Event: 1.267 Loading class java/text/ParseException
Event: 1.267 Loading class java/text/ParseException done
Event: 1.280 Loading class sun/util/calendar/ZoneInfoFile$Checksum
Event: 1.280 Loading class sun/util/calendar/ZoneInfoFile$Checksum done
Event: 1.285 Loading class jdk/internal/module/ModulePatcher$PatchedModuleReader
Event: 1.285 Loading class jdk/internal/module/ModulePatcher$PatchedModuleReader done
Event: 1.285 Loading class sun/net/www/protocol/jrt/Handler
Event: 1.285 Loading class sun/net/www/protocol/jrt/Handler done
Event: 1.318 Loading class sun/text/resources/cldr/FormatData_en
Event: 1.318 Loading class sun/text/resources/cldr/FormatData_en done
Event: 1.319 Loading class sun/text/resources/cldr/FormatData_en_US
Event: 1.319 Loading class sun/text/resources/cldr/FormatData_en_US done
Event: 1.355 Loading class jdk/internal/foreign/MemorySessionImpl
Event: 1.355 Loading class java/lang/foreign/MemorySegment$Scope
Event: 1.355 Loading class java/lang/foreign/MemorySegment$Scope done
Event: 1.355 Loading class jdk/internal/foreign/MemorySessionImpl done

Classes unloaded (0 events):
No events

Classes redefined (0 events):
No events

Internal exceptions (20 events):
Event: 0.138 Thread 0x000001fc9d75ad50 Exception <a 'java/lang/NoSuchMethodError'{0x000000071575e7c0}: 'java.lang.Object java.lang.invoke.DirectMethodHandle$Holder.invokeStaticInit(java.lang.Object)'> (0x000000071575e7c0) 
thrown [s\src\hotspot\share\interpreter\linkResolver.cpp, line 805]
Event: 0.144 Thread 0x000001fc9d75ad50 Exception <a 'java/lang/NullPointerException'{0x0000000715790d10}> (0x0000000715790d10) 
thrown [s\src\hotspot\share\interpreter\linkResolver.cpp, line 1417]
Event: 0.150 Thread 0x000001fc9d75ad50 Exception <a 'java/lang/NullPointerException'{0x00000007157af7f8}> (0x00000007157af7f8) 
thrown [s\src\hotspot\share\interpreter\linkResolver.cpp, line 1417]
Event: 0.150 Thread 0x000001fc9d75ad50 Exception <a 'java/lang/NullPointerException'{0x00000007157afad8}> (0x00000007157afad8) 
thrown [s\src\hotspot\share\interpreter\linkResolver.cpp, line 1417]
Event: 0.150 Thread 0x000001fc9d75ad50 Exception <a 'java/lang/NullPointerException'{0x00000007157afdb8}> (0x00000007157afdb8) 
thrown [s\src\hotspot\share\interpreter\linkResolver.cpp, line 1417]
Event: 0.151 Thread 0x000001fc9d75ad50 Exception <a 'java/lang/NullPointerException'{0x00000007157b46f0}> (0x00000007157b46f0) 
thrown [s\src\hotspot\share\interpreter\linkResolver.cpp, line 1417]
Event: 0.153 Thread 0x000001fc9d75ad50 Exception <a 'java/lang/NullPointerException'{0x00000007157c6030}> (0x00000007157c6030) 
thrown [s\src\hotspot\share\interpreter\linkResolver.cpp, line 1417]
Event: 0.153 Thread 0x000001fc9d75ad50 Exception <a 'java/lang/NullPointerException'{0x00000007157c6310}> (0x00000007157c6310) 
thrown [s\src\hotspot\share\interpreter\linkResolver.cpp, line 1417]
Event: 0.153 Thread 0x000001fc9d75ad50 Exception <a 'java/lang/NullPointerException'{0x00000007157c65f0}> (0x00000007157c65f0) 
thrown [s\src\hotspot\share\interpreter\linkResolver.cpp, line 1417]
Event: 0.153 Thread 0x000001fc9d75ad50 Exception <a 'java/lang/NullPointerException'{0x00000007157c68d0}> (0x00000007157c68d0) 
thrown [s\src\hotspot\share\interpreter\linkResolver.cpp, line 1417]
Event: 0.157 Thread 0x000001fc9d75ad50 Exception <a 'sun/nio/fs/WindowsException'{0x00000007157e94a8}> (0x00000007157e94a8) 
thrown [s\src\hotspot\share\prims\jni.cpp, line 518]
Event: 0.157 Thread 0x000001fc9d75ad50 Exception <a 'sun/nio/fs/WindowsException'{0x00000007157e9af0}> (0x00000007157e9af0) 
thrown [s\src\hotspot\share\prims\jni.cpp, line 518]
Event: 0.157 Thread 0x000001fc9d75ad50 Exception <a 'sun/nio/fs/WindowsException'{0x00000007157ea068}> (0x00000007157ea068) 
thrown [s\src\hotspot\share\prims\jni.cpp, line 518]
Event: 0.157 Thread 0x000001fc9d75ad50 Exception <a 'sun/nio/fs/WindowsException'{0x00000007157ea5c0}> (0x00000007157ea5c0) 
thrown [s\src\hotspot\share\prims\jni.cpp, line 518]
Event: 0.157 Thread 0x000001fc9d75ad50 Exception <a 'sun/nio/fs/WindowsException'{0x00000007157eaac8}> (0x00000007157eaac8) 
thrown [s\src\hotspot\share\prims\jni.cpp, line 518]
Event: 0.158 Thread 0x000001fc9d75ad50 Exception <a 'sun/nio/fs/WindowsException'{0x00000007157eaf88}> (0x00000007157eaf88) 
thrown [s\src\hotspot\share\prims\jni.cpp, line 518]
Event: 0.167 Thread 0x000001fc9d75ad50 Exception <a 'java/lang/NoSuchMethodError'{0x0000000715532728}: 'void java.lang.invoke.DirectMethodHandle$Holder.invokeStatic(java.lang.Object, java.lang.Object)'> (0x0000000715532728) 
thrown [s\src\hotspot\share\interpreter\linkResolver.cpp, line 805]
Event: 0.168 Thread 0x000001fc9d75ad50 Exception <a 'java/lang/NoSuchMethodError'{0x000000071553a498}: 'void java.lang.invoke.DirectMethodHandle$Holder.invokeStaticInit(java.lang.Object, java.lang.Object)'> (0x000000071553a498) 
thrown [s\src\hotspot\share\interpreter\linkResolver.cpp, line 805]
Event: 0.179 Thread 0x000001fc9d75ad50 Exception <a 'java/lang/NoSuchMethodError'{0x0000000715584380}: 'void java.lang.invoke.DirectMethodHandle$Holder.invokeStatic(java.lang.Object, java.lang.Object, java.lang.Object)'> (0x0000000715584380) 
thrown [s\src\hotspot\share\interpreter\linkResolver.cpp, line 805]
Event: 0.237 Thread 0x000001fc9d75ad50 Exception <a 'java/lang/NoSuchMethodError'{0x0000000715322320}: 'java.lang.Object java.lang.invoke.DirectMethodHandle$Holder.invokeSpecialIFC(java.lang.Object, java.lang.Object, java.lang.Object, java.lang.Object)'> (0x0000000715322320) 
thrown [s\src\hotspot\share\interpreter\linkResolver.cpp, line 805]

VM Operations (6 events):
Event: 0.043 Executing VM operation: HandshakeAllThreads (Deoptimize)
Event: 0.044 Executing VM operation: HandshakeAllThreads (Deoptimize) done
Event: 0.143 Executing VM operation: HandshakeAllThreads (Deoptimize)
Event: 0.143 Executing VM operation: HandshakeAllThreads (Deoptimize) done
Event: 0.153 Executing VM operation: HandshakeAllThreads (Deoptimize)
Event: 0.153 Executing VM operation: HandshakeAllThreads (Deoptimize) done

Memory protections (0 events):
No events

Nmethod flushes (0 events):
No events

Events (14 events):
Event: 0.016 Thread 0x000001fc9d75ad50 Thread added: 0x000001fc9d75ad50
Event: 0.026 Thread 0x000001fc9d75ad50 Thread added: 0x000001fcbeeea240
Event: 0.026 Thread 0x000001fc9d75ad50 Thread added: 0x000001fcbeeea980
Event: 0.026 Thread 0x000001fc9d75ad50 Thread added: 0x000001fcbeef0820
Event: 0.026 Thread 0x000001fc9d75ad50 Thread added: 0x000001fcbeef1350
Event: 0.026 Thread 0x000001fc9d75ad50 Thread added: 0x000001fcbeef3560
Event: 0.026 Thread 0x000001fc9d75ad50 Thread added: 0x000001fcbf248c00
Event: 0.026 Thread 0x000001fc9d75ad50 Thread added: 0x000001fcbf251ba0
Event: 0.026 Thread 0x000001fc9d75ad50 Thread added: 0x000001fcbeefb6b0
Event: 0.034 Thread 0x000001fc9d75ad50 Thread added: 0x000001fcbf3ab2b0
Event: 0.036 Thread 0x000001fc9d75ad50 Thread added: 0x000001fcbf3aba00
Event: 0.086 Thread 0x000001fcbeefb6b0 Thread added: 0x000001fcbf456180
Event: 0.147 Thread 0x000001fc9d75ad50 Thread added: 0x000001fcbf3aab60
Event: 0.157 Thread 0x000001fcbf3aab60 Thread exited: 0x000001fcbf3aab60


Dynamic libraries:
0x00007ff6c4ce0000 - 0x00007ff6c4cee000 	C:\Program Files\Apache NetBeans\jdk\bin\java.exe
0x00007ff8e66c0000 - 0x00007ff8e6927000 	C:\WINDOWS\SYSTEM32\ntdll.dll
0x00007ff8e50d0000 - 0x00007ff8e5199000 	C:\WINDOWS\System32\KERNEL32.DLL
0x00007ff8e3530000 - 0x00007ff8e3921000 	C:\WINDOWS\System32\KERNELBASE.dll
0x00007ff8e3930000 - 0x00007ff8e3a7b000 	C:\WINDOWS\System32\ucrtbase.dll
0x00007ff8dbf30000 - 0x00007ff8dbf4e000 	C:\Program Files\Apache NetBeans\jdk\bin\VCRUNTIME140.dll
0x00007ff8d3980000 - 0x00007ff8d3996000 	C:\Program Files\Apache NetBeans\jdk\bin\jli.dll
0x00007ff8e5d50000 - 0x00007ff8e5f15000 	C:\WINDOWS\System32\USER32.dll
0x00007ff8e3030000 - 0x00007ff8e3057000 	C:\WINDOWS\System32\win32u.dll
0x00007ff8cad90000 - 0x00007ff8cb023000 	C:\WINDOWS\WinSxS\amd64_microsoft.windows.common-controls_6595b64144ccf1df_6.0.26100.8037_none_3e092faae333b53b\COMCTL32.dll
0x00007ff8e6650000 - 0x00007ff8e667b000 	C:\WINDOWS\System32\GDI32.dll
0x00007ff8e5320000 - 0x00007ff8e53c9000 	C:\WINDOWS\System32\msvcrt.dll
0x00007ff8e3400000 - 0x00007ff8e352b000 	C:\WINDOWS\System32\gdi32full.dll
0x00007ff8e31d0000 - 0x00007ff8e3273000 	C:\WINDOWS\System32\msvcp_win.dll
0x00007ff8e4490000 - 0x00007ff8e44c1000 	C:\WINDOWS\System32\IMM32.DLL
0x00007ff8de340000 - 0x00007ff8de34c000 	C:\Program Files\Apache NetBeans\jdk\bin\vcruntime140_1.dll
0x00007ff8cb0d0000 - 0x00007ff8cb15d000 	C:\Program Files\Apache NetBeans\jdk\bin\msvcp140.dll
0x00007ff83e780000 - 0x00007ff83f5fc000 	C:\Program Files\Apache NetBeans\jdk\bin\server\jvm.dll
0x00007ff8e5010000 - 0x00007ff8e50cb000 	C:\WINDOWS\System32\ADVAPI32.dll
0x00007ff8e4ef0000 - 0x00007ff8e4f97000 	C:\WINDOWS\System32\sechost.dll
0x00007ff8e62e0000 - 0x00007ff8e63f8000 	C:\WINDOWS\System32\RPCRT4.dll
0x00007ff8e51b0000 - 0x00007ff8e5224000 	C:\WINDOWS\System32\WS2_32.dll
0x00007ff8e2e00000 - 0x00007ff8e2e5e000 	C:\WINDOWS\SYSTEM32\POWRPROF.dll
0x00007ff8db750000 - 0x00007ff8db75b000 	C:\WINDOWS\SYSTEM32\VERSION.dll
0x00007ff8cb030000 - 0x00007ff8cb065000 	C:\WINDOWS\SYSTEM32\WINMM.dll
0x00007ff8e2de0000 - 0x00007ff8e2df4000 	C:\WINDOWS\SYSTEM32\UMPDC.dll
0x00007ff8e1d30000 - 0x00007ff8e1d4b000 	C:\WINDOWS\SYSTEM32\kernel.appcore.dll
0x00007ff8de310000 - 0x00007ff8de31a000 	C:\Program Files\Apache NetBeans\jdk\bin\jimage.dll
0x00007ff8e1150000 - 0x00007ff8e1392000 	C:\WINDOWS\SYSTEM32\DBGHELP.DLL
0x00007ff8e5f20000 - 0x00007ff8e62a2000 	C:\WINDOWS\System32\combase.dll
0x00007ff8e5b70000 - 0x00007ff8e5c47000 	C:\WINDOWS\System32\OLEAUT32.dll
0x00007ff8ce3a0000 - 0x00007ff8ce3db000 	C:\WINDOWS\SYSTEM32\dbgcore.DLL
0x00007ff8e43b0000 - 0x00007ff8e4455000 	C:\WINDOWS\System32\bcryptPrimitives.dll
0x00007ff8dbc20000 - 0x00007ff8dbc3e000 	C:\Program Files\Apache NetBeans\jdk\bin\java.dll
0x00007ff8e5530000 - 0x00007ff8e56c5000 	C:\WINDOWS\System32\ole32.dll
0x00007ff8e4780000 - 0x00007ff8e4edf000 	C:\WINDOWS\System32\SHELL32.dll
0x00007ff8e3060000 - 0x00007ff8e31ca000 	C:\WINDOWS\System32\wintypes.dll
0x00007ff8e3b40000 - 0x00007ff8e43a4000 	C:\WINDOWS\System32\windows.storage.dll
0x00007ff8e6400000 - 0x00007ff8e64f7000 	C:\WINDOWS\System32\SHCORE.dll
0x00007ff8e4fa0000 - 0x00007ff8e5007000 	C:\WINDOWS\System32\shlwapi.dll
0x00007ff8e2ec0000 - 0x00007ff8e2ee9000 	C:\WINDOWS\SYSTEM32\profapi.dll
0x00007ff8a64b0000 - 0x00007ff8a6587000 	C:\Program Files\Apache NetBeans\jdk\bin\jsvml.dll
0x00007ff8dbc10000 - 0x00007ff8dbc20000 	C:\Program Files\Apache NetBeans\jdk\bin\net.dll
0x00007ff8e22a0000 - 0x00007ff8e230b000 	C:\WINDOWS\system32\mswsock.dll
0x00007ff8d3570000 - 0x00007ff8d3586000 	C:\Program Files\Apache NetBeans\jdk\bin\nio.dll
0x00007ff8d3940000 - 0x00007ff8d3957000 	C:\Program Files\Apache NetBeans\jdk\bin\zip.dll
0x00007ff8ccf10000 - 0x00007ff8ccf34000 	C:\Program Files\Apache NetBeans\java\maven\lib\jansi-native\Windows\x86_64\jansi.dll
0x00007ff8d5850000 - 0x00007ff8d5860000 	C:\Program Files\Apache NetBeans\jdk\bin\verify.dll

JVMTI agents: none

dbghelp: loaded successfully - version: 4.0.5 - missing functions: none
symbol engine: initialized successfully - sym options: 0x614 - pdb path: .;C:\Program Files\Apache NetBeans\jdk\bin;C:\WINDOWS\SYSTEM32;C:\WINDOWS\WinSxS\amd64_microsoft.windows.common-controls_6595b64144ccf1df_6.0.26100.8037_none_3e092faae333b53b;C:\Program Files\Apache NetBeans\jdk\bin\server;C:\Program Files\Apache NetBeans\java\maven\lib\jansi-native\Windows\x86_64

VM Arguments:
jvm_args: --enable-native-access=ALL-UNNAMED -Dclassworlds.conf=C:\Program Files\Apache NetBeans\java\maven\bin\m2.conf -Dmaven.home=C:\Program Files\Apache NetBeans\java\maven -Dlibrary.jansi.path=C:\Program Files\Apache NetBeans\java\maven\lib\jansi-native -Dmaven.multiModuleProjectDirectory=C:\Users\User\Documents\NetBeansProjects\RentCar2 
java_command: org.codehaus.plexus.classworlds.launcher.Launcher -Dexec.vmArgs= -Dexec.args=${exec.vmArgs} -classpath %classpath ${exec.mainClass} ${exec.appArgs} -Dexec.executable=C:\Program Files\Apache NetBeans\jdk\bin\java.exe -Dexec.mainClass=com.mycompany.rentcar.vistas.Login -Dexec.classpathScope=runtime -DskipTests=true -Dexec.appArgs= -Dmaven.ext.class.path=C:\Program Files\Apache NetBeans\java\maven-nblib\netbeans-eventspy.jar --no-transfer-progress process-classes org.codehaus.mojo:exec-maven-plugin:3.1.0:exec
java_class_path (initial): C:\Program Files\Apache NetBeans\java\maven\boot\plexus-classworlds-2.9.0.jar
Launcher Type: SUN_STANDARD

[Global flags]
     intx CICompilerCount                          = 4                                         {product} {ergonomic}
     uint ConcGCThreads                            = 2                                         {product} {ergonomic}
     uint G1ConcRefinementThreads                  = 8                                         {product} {ergonomic}
   size_t G1HeapRegionSize                         = 2097152                                   {product} {ergonomic}
   size_t InitialHeapSize                          = 262144000                                 {product} {ergonomic}
   size_t MarkStackSize                            = 4194304                                   {product} {ergonomic}
   size_t MarkStackSizeMax                         = 536870912                                 {product} {ergonomic}
   size_t MaxHeapSize                              = 4192206848                                {product} {ergonomic}
   size_t MaxNewSize                               = 2514485248                                {product} {ergonomic}
   size_t MinHeapDeltaBytes                        = 2097152                                   {product} {ergonomic}
   size_t MinHeapSize                              = 8388608                                   {product} {ergonomic}
    uintx NonNMethodCodeHeapSize                   = 5832704                                {pd product} {ergonomic}
    uintx NonProfiledCodeHeapSize                  = 122945536                              {pd product} {ergonomic}
    uintx ProfiledCodeHeapSize                     = 122880000                              {pd product} {ergonomic}
    uintx ReservedCodeCacheSize                    = 251658240                              {pd product} {ergonomic}
     bool SegmentedCodeCache                       = true                                      {product} {ergonomic}
   size_t SoftMaxHeapSize                          = 4192206848                             {manageable} {ergonomic}
     bool UseCompressedOops                        = true                           {product lp64_product} {ergonomic}
     bool UseG1GC                                  = true                                      {product} {ergonomic}
     bool UseLargePagesIndividualAllocation        = false                                  {pd product} {ergonomic}

Logging:
Log output configuration:
 #0: stdout all=warning uptime,level,tags foldmultilines=false
 #1: stderr all=off uptime,level,tags foldmultilines=false

Environment Variables:
JAVA_HOME=C:\Program Files\Apache NetBeans\jdk
PATH=C:\Program Files\Common Files\Oracle\Java\javapath;C:\Program Files (x86)\Common Files\Oracle\Java\javapath;C:\WINDOWS\system32;C:\WINDOWS;C:\WINDOWS\System32\Wbem;C:\WINDOWS\System32\WindowsPowerShell\v1.0\;C:\WINDOWS\System32\OpenSSH\;C:\Program Files\nodejs\;C:\Program Files\Git\cmd;C:\Users\User\AppData\Local\Microsoft\WindowsApps;;C:\Users\User\AppData\Local\Microsoft\WindowsApps;C:\Users\User\AppData\Roaming\npm
USERNAME=User
OS=Windows_NT
PROCESSOR_IDENTIFIER=Intel64 Family 6 Model 142 Stepping 12, GenuineIntel
TMP=C:\Users\User\AppData\Local\Temp
TEMP=C:\Users\User\AppData\Local\Temp




Periodic native trim disabled

---------------  S Y S T E M  ---------------

OS:
 Windows 11 , 64 bit Build 26100 (10.0.26100.7920)
OS uptime: 3 days 21:22 hours

CPU: total 8 (initial active 8) (4 cores per cpu, 2 threads per core) family 6 model 142 stepping 12 microcode 0xf4, cx8, cmov, fxsr, ht, mmx, 3dnowpref, sse, sse2, sse3, ssse3, sse4.1, sse4.2, popcnt, lzcnt, tsc, tscinvbit, avx, avx2, aes, erms, clmul, bmi1, bmi2, adx, fma, vzeroupper, clflush, clflushopt, rdtscp, f16c
Processor Information for the first 8 processors :
  Max Mhz: 2208, Current Mhz: 1706, Mhz Limit: 1700

Memory: 4k page, system-wide physical 15984M (6042M free)
TotalPageFile size 46429M (AvailPageFile size 7M)
current process WorkingSet (physical memory assigned to process): 66M, peak: 66M
current process commit charge ("private bytes"): 351M, peak: 351M

vm_info: OpenJDK 64-Bit Server VM (24.0.2+12) for windows-amd64 JRE (24.0.2+12) (Zulu24.32+13-CA), built on 2025-07-11T12:45:44Z with MS VC++ 17.1 (VS2022)

END.
