#
# There is insufficient memory for the Java Runtime Environment to continue.
# Native memory allocation (mmap) failed to map 262144000 bytes. Error detail: G1 virtual space
# Possible reasons:
#   The system is out of physical RAM or swap space
#   This process is running with CompressedOops enabled, and the Java Heap may be blocking the growth of the native heap
# Possible solutions:
#   Reduce memory load on the system
#   Increase physical memory or swap space
#   Check if swap backing store is full
#   Decrease Java heap size (-Xmx/-Xms)
#   Decrease number of Java threads
#   Decrease Java thread stack sizes (-Xss)
#   Set larger code cache with -XX:ReservedCodeCacheSize=
#   JVM is running with Zero Based Compressed Oops mode in which the Java heap is
#     placed in the first 32GB address space. The Java Heap base address is the
#     maximum limit for the native heap growth. Please use -XX:HeapBaseMinAddress
#     to set the Java Heap base and to place the Java Heap above 32GB virtual address.
# This output file may be truncated or incomplete.
#
#  Out of Memory Error (os_windows.cpp:3564), pid=18852, tid=13100
#
# JRE version:  (24.0.2+12) (build )
# Java VM: OpenJDK 64-Bit Server VM (24.0.2+12, mixed mode, sharing, tiered, compressed oops, compressed class ptrs, g1 gc, windows-amd64)
# No core dump will be written. Minidumps are not enabled by default on client versions of Windows
#

---------------  S U M M A R Y ------------

Command Line: --enable-native-access=ALL-UNNAMED 

Host: Intel(R) Core(TM) i5-10310U CPU @ 1.70GHz, 8 cores, 15G,  Windows 11 , 64 bit Build 26100 (10.0.26100.7920)
Time: Wed Apr 15 18:07:59 2026 Hora estándar oeste, Sudamérica elapsed time: 1.139601 seconds (0d 0h 0m 1s)

---------------  T H R E A D  ---------------

Current thread (0x00000297ad68d1e0):  JavaThread "Unknown thread" [_thread_in_vm, id=13100, stack(0x000000ead3400000,0x000000ead3500000) (1024K)]

Stack: [0x000000ead3400000,0x000000ead3500000]
Native frames: (J=compiled Java code, j=interpreted, Vv=VM code, C=native code)
V  [jvm.dll+0x741329]  (no source info available)
V  [jvm.dll+0x97e243]  (no source info available)
V  [jvm.dll+0x98056d]  (no source info available)
V  [jvm.dll+0x980be3]  (no source info available)
V  [jvm.dll+0x2b5a76]  (no source info available)
V  [jvm.dll+0x73d795]  (no source info available)
V  [jvm.dll+0x730f4a]  (no source info available)
V  [jvm.dll+0x39ea2a]  (no source info available)
V  [jvm.dll+0x3a67a6]  (no source info available)
V  [jvm.dll+0x392fbe]  (no source info available)
V  [jvm.dll+0x393278]  (no source info available)
V  [jvm.dll+0x36a09c]  (no source info available)
V  [jvm.dll+0x36ad5d]  (no source info available)
V  [jvm.dll+0x9409ef]  (no source info available)
V  [jvm.dll+0x40786d]  (no source info available)
V  [jvm.dll+0x928e6e]  (no source info available)
V  [jvm.dll+0x4a2d0e]  (no source info available)
V  [jvm.dll+0x4a4c41]  (no source info available)
C  [jli.dll+0x52a1]  (no source info available)
C  [ucrtbase.dll+0x37b0]  (no source info available)
C  [KERNEL32.DLL+0x2e8d7]  (no source info available)
C  [ntdll.dll+0x8c48c]  (no source info available)

Lock stack of current Java thread (top to bottom):


---------------  P R O C E S S  ---------------

Threads class SMR info:
_java_thread_list=0x00007ff83f48bf58, length=0, elements={
}

Java Threads: ( => current thread )
Total: 0

Other Threads:
  0x00000297ad83cef0 WorkerThread "GC Thread#0"                     [id=12528, stack(0x000000ead3500000,0x000000ead3600000) (1024K)]
  0x00000297ad852670 ConcurrentGCThread "G1 Main Marker"            [id=14892, stack(0x000000ead3600000,0x000000ead3700000) (1024K)]
  0x00000297ad853920 WorkerThread "G1 Conc#0"                       [id=13404, stack(0x000000ead3700000,0x000000ead3800000) (1024K)]

[error occurred during error reporting (printing all threads), id 0xc0000005, EXCEPTION_ACCESS_VIOLATION (0xc0000005) at pc=0x00007ff83eafef9a]
VM state: not at safepoint (not fully initialized)

VM Mutex/Monitor currently owned by a thread:  ([mutex/lock_event])
[0x00007ff83f515148] Heap_lock - owner thread: 0x00000297ad68d1e0

Heap address: 0x0000000706200000, size: 3998 MB, Compressed Oops mode: Zero based, Oop shift amount: 3

CDS archive(s) mapped at: [0x0000000000000000-0x0000000000000000-0x0000000000000000), size 0, SharedBaseAddress: 0x0000000800000000, ArchiveRelocationMode: 1.
UseCompressedClassPointers 1, UseCompactObjectHeaders 0
Narrow klass pointer bits 32, Max shift 3
Narrow klass base: 0xffffffffffffffff, Narrow klass shift: -1
Encoding Range: [0xffffffffffffffff - 0x000000007fffffff), (2147483648 bytes)
Klass Range:    [0x0000000000000000 - 0x0000000000000000), (0 bytes)
Klass ID Range:  [4294967295 - 0) (1)

GC Precious Log:
 CardTable entry size: 512
 Card Set container configuration: InlinePtr #cards 4 size 8 Array Of Cards #cards 16 size 48 Howl #buckets 8 coarsen threshold 3686 Howl Bitmap #cards 512 size 80 coarsen threshold 460 Card regions per heap region 1 cards per card region 4096

Heap:
 garbage-first heap   total reserved 4093952K, committed 0K, used 0K [0x0000000706200000, 0x0000000800000000)
  region size 2048K, 0 young (0K), 0 survivors (0K)

[error occurred during error reporting (printing heap information), id 0xc0000005, EXCEPTION_ACCESS_VIOLATION (0xc0000005) at pc=0x00007ff83ef1fcd9]
GC Heap History (0 events):
No events

Dll operation events (1 events):
Event: 0.022 Loaded shared library C:\Program Files\Apache NetBeans\jdk\bin\java.dll

Deoptimization events (0 events):
No events

Classes loaded (0 events):
No events

Classes unloaded (0 events):
No events

Classes redefined (0 events):
No events

Internal exceptions (0 events):
No events

VM Operations (0 events):
No events

Memory protections (0 events):
No events

Nmethod flushes (0 events):
No events

Events (0 events):
No events


Dynamic libraries:
0x00007ff6c4ce0000 - 0x00007ff6c4cee000 	C:\Program Files\Apache NetBeans\jdk\bin\java.exe
0x00007ff8e66c0000 - 0x00007ff8e6927000 	C:\WINDOWS\SYSTEM32\ntdll.dll
0x00007ff8e50d0000 - 0x00007ff8e5199000 	C:\WINDOWS\System32\KERNEL32.DLL
0x00007ff8e3530000 - 0x00007ff8e3921000 	C:\WINDOWS\System32\KERNELBASE.dll
0x00007ff8e3930000 - 0x00007ff8e3a7b000 	C:\WINDOWS\System32\ucrtbase.dll
0x00007ff8dbf30000 - 0x00007ff8dbf4e000 	C:\Program Files\Apache NetBeans\jdk\bin\VCRUNTIME140.dll
0x00007ff8d3980000 - 0x00007ff8d3996000 	C:\Program Files\Apache NetBeans\jdk\bin\jli.dll
0x00007ff8e5d50000 - 0x00007ff8e5f15000 	C:\WINDOWS\System32\USER32.dll
0x00007ff8cad90000 - 0x00007ff8cb023000 	C:\WINDOWS\WinSxS\amd64_microsoft.windows.common-controls_6595b64144ccf1df_6.0.26100.8037_none_3e092faae333b53b\COMCTL32.dll
0x00007ff8e3030000 - 0x00007ff8e3057000 	C:\WINDOWS\System32\win32u.dll
0x00007ff8e5320000 - 0x00007ff8e53c9000 	C:\WINDOWS\System32\msvcrt.dll
0x00007ff8e6650000 - 0x00007ff8e667b000 	C:\WINDOWS\System32\GDI32.dll
0x00007ff8e3400000 - 0x00007ff8e352b000 	C:\WINDOWS\System32\gdi32full.dll
0x00007ff8e31d0000 - 0x00007ff8e3273000 	C:\WINDOWS\System32\msvcp_win.dll
0x00007ff8e4490000 - 0x00007ff8e44c1000 	C:\WINDOWS\System32\IMM32.DLL
0x00007ff8de340000 - 0x00007ff8de34c000 	C:\Program Files\Apache NetBeans\jdk\bin\vcruntime140_1.dll
0x00007ff8cb0d0000 - 0x00007ff8cb15d000 	C:\Program Files\Apache NetBeans\jdk\bin\msvcp140.dll
0x00007ff83e780000 - 0x00007ff83f5fc000 	C:\Program Files\Apache NetBeans\jdk\bin\server\jvm.dll
0x00007ff8e5010000 - 0x00007ff8e50cb000 	C:\WINDOWS\System32\ADVAPI32.dll
0x00007ff8e4ef0000 - 0x00007ff8e4f97000 	C:\WINDOWS\System32\sechost.dll
0x00007ff8e62e0000 - 0x00007ff8e63f8000 	C:\WINDOWS\System32\RPCRT4.dll
0x00007ff8e51b0000 - 0x00007ff8e5224000 	C:\WINDOWS\System32\WS2_32.dll
0x00007ff8e2e00000 - 0x00007ff8e2e5e000 	C:\WINDOWS\SYSTEM32\POWRPROF.dll
0x00007ff8cb030000 - 0x00007ff8cb065000 	C:\WINDOWS\SYSTEM32\WINMM.dll
0x00007ff8db750000 - 0x00007ff8db75b000 	C:\WINDOWS\SYSTEM32\VERSION.dll
0x00007ff8e2de0000 - 0x00007ff8e2df4000 	C:\WINDOWS\SYSTEM32\UMPDC.dll
0x00007ff8e1d30000 - 0x00007ff8e1d4b000 	C:\WINDOWS\SYSTEM32\kernel.appcore.dll
0x00007ff8de310000 - 0x00007ff8de31a000 	C:\Program Files\Apache NetBeans\jdk\bin\jimage.dll
0x00007ff8e1150000 - 0x00007ff8e1392000 	C:\WINDOWS\SYSTEM32\DBGHELP.DLL
0x00007ff8e5f20000 - 0x00007ff8e62a2000 	C:\WINDOWS\System32\combase.dll
0x00007ff8e5b70000 - 0x00007ff8e5c47000 	C:\WINDOWS\System32\OLEAUT32.dll
0x00007ff8ce3a0000 - 0x00007ff8ce3db000 	C:\WINDOWS\SYSTEM32\dbgcore.DLL
0x00007ff8e43b0000 - 0x00007ff8e4455000 	C:\WINDOWS\System32\bcryptPrimitives.dll
0x00007ff8dbc20000 - 0x00007ff8dbc3e000 	C:\Program Files\Apache NetBeans\jdk\bin\java.dll
0x00007ff8e5530000 - 0x00007ff8e56c5000 	C:\WINDOWS\System32\ole32.dll
0x00007ff8e4780000 - 0x00007ff8e4edf000 	C:\WINDOWS\System32\SHELL32.dll
0x00007ff8e3060000 - 0x00007ff8e31ca000 	C:\WINDOWS\System32\wintypes.dll

JVMTI agents: none

dbghelp: loaded successfully - version: 4.0.5 - missing functions: none
symbol engine: initialized successfully - sym options: 0x614 - pdb path: .;C:\Program Files\Apache NetBeans\jdk\bin;C:\WINDOWS\SYSTEM32;C:\WINDOWS\WinSxS\amd64_microsoft.windows.common-controls_6595b64144ccf1df_6.0.26100.8037_none_3e092faae333b53b;C:\Program Files\Apache NetBeans\jdk\bin\server

VM Arguments:
jvm_args: --enable-native-access=ALL-UNNAMED 
java_command: <unknown>
java_class_path (initial): <not set>
Launcher Type: SUN_STANDARD

[Global flags]
     intx CICompilerCount                          = 4                                         {product} {ergonomic}
     uint ConcGCThreads                            = 2                                         {product} {ergonomic}
     uint G1ConcRefinementThreads                  = 8                                         {product} {ergonomic}
   size_t G1HeapRegionSize                         = 2097152                                   {product} {ergonomic}
   size_t InitialHeapSize                          = 262144000                                 {product} {ergonomic}
   size_t MarkStackSize                            = 4194304                                   {product} {ergonomic}
   size_t MarkStackSizeMax                         = 536870912                                 {product} {ergonomic}
   size_t MaxHeapSize                              = 4192206848                                {product} {ergonomic}
   size_t MinHeapDeltaBytes                        = 2097152                                   {product} {ergonomic}
   size_t MinHeapSize                              = 8388608                                   {product} {ergonomic}
    uintx NonNMethodCodeHeapSize                   = 5832704                                {pd product} {ergonomic}
    uintx NonProfiledCodeHeapSize                  = 122945536                              {pd product} {ergonomic}
    uintx ProfiledCodeHeapSize                     = 122880000                              {pd product} {ergonomic}
    uintx ReservedCodeCacheSize                    = 251658240                              {pd product} {ergonomic}
     bool SegmentedCodeCache                       = true                                      {product} {ergonomic}
   size_t SoftMaxHeapSize                          = 4192206848                             {manageable} {ergonomic}
     bool UseCompressedOops                        = true                           {product lp64_product} {ergonomic}
     bool UseG1GC                                  = true                                      {product} {ergonomic}
     bool UseLargePagesIndividualAllocation        = false                                  {pd product} {ergonomic}

Logging:
Log output configuration:
 #0: stdout all=warning uptime,level,tags foldmultilines=false
 #1: stderr all=off uptime,level,tags foldmultilines=false

Environment Variables:
JAVA_HOME=C:\Program Files\Apache NetBeans\jdk
PATH=C:\Program Files\Common Files\Oracle\Java\javapath;C:\Program Files (x86)\Common Files\Oracle\Java\javapath;C:\WINDOWS\system32;C:\WINDOWS;C:\WINDOWS\System32\Wbem;C:\WINDOWS\System32\WindowsPowerShell\v1.0\;C:\WINDOWS\System32\OpenSSH\;C:\Program Files\nodejs\;C:\Program Files\Git\cmd;C:\Users\User\AppData\Local\Microsoft\WindowsApps;;C:\Users\User\AppData\Local\Microsoft\WindowsApps;C:\Users\User\AppData\Roaming\npm
USERNAME=User
OS=Windows_NT
PROCESSOR_IDENTIFIER=Intel64 Family 6 Model 142 Stepping 12, GenuineIntel
TMP=C:\Users\User\AppData\Local\Temp
TEMP=C:\Users\User\AppData\Local\Temp




Periodic native trim disabled

---------------  S Y S T E M  ---------------

OS:
 Windows 11 , 64 bit Build 26100 (10.0.26100.7920)
OS uptime: 3 days 21:19 hours

CPU: total 8 (initial active 8) (4 cores per cpu, 2 threads per core) family 6 model 142 stepping 12 microcode 0xf4, cx8, cmov, fxsr, ht, mmx, 3dnowpref, sse, sse2, sse3, ssse3, sse4.1, sse4.2, popcnt, lzcnt, tsc, tscinvbit, avx, avx2, aes, erms, clmul, bmi1, bmi2, adx, fma, vzeroupper, clflush, clflushopt, rdtscp, f16c
Processor Information for processor 0
  Max Mhz: 2208, Current Mhz: 1505, Mhz Limit: 1700
Processor Information for processor 1
  Max Mhz: 2208, Current Mhz: 1505, Mhz Limit: 1700
Processor Information for processor 2
  Max Mhz: 2208, Current Mhz: 1706, Mhz Limit: 1700
Processor Information for processor 3
  Max Mhz: 2208, Current Mhz: 1706, Mhz Limit: 1700
Processor Information for processor 4
  Max Mhz: 2208, Current Mhz: 1706, Mhz Limit: 1700
Processor Information for processor 5
  Max Mhz: 2208, Current Mhz: 1505, Mhz Limit: 1700
Processor Information for processor 6
  Max Mhz: 2208, Current Mhz: 1706, Mhz Limit: 1700
Processor Information for processor 7
  Max Mhz: 2208, Current Mhz: 1706, Mhz Limit: 1700

Memory: 4k page, system-wide physical 15984M (5629M free)
TotalPageFile size 46429M (AvailPageFile size 27M)
current process WorkingSet (physical memory assigned to process): 13M, peak: 13M
current process commit charge ("private bytes"): 61M, peak: 310M

vm_info: OpenJDK 64-Bit Server VM (24.0.2+12) for windows-amd64 JRE (24.0.2+12) (Zulu24.32+13-CA), built on 2025-07-11T12:45:44Z with MS VC++ 17.1 (VS2022)

END.
